[debug] [2021-09-15T21:13:04.539Z] ----------------------------------------------------------------------
[debug] [2021-09-15T21:13:04.541Z] Command:       C:\Program Files\nodejs\node.exe C:\Users\quaby\AppData\Roaming\npm\node_modules\firebase-tools\lib\bin\firebase.js init
[debug] [2021-09-15T21:13:04.541Z] CLI Version:   9.16.0
[debug] [2021-09-15T21:13:04.541Z] Platform:      win32
[debug] [2021-09-15T21:13:04.541Z] Node Version:  v16.5.0
[debug] [2021-09-15T21:13:04.546Z] Time:          Wed Sep 15 2021 21:13:04 GMT+0000 (Coordinated Universal Time)
[debug] [2021-09-15T21:13:04.546Z] ----------------------------------------------------------------------
[debug] 
[debug] [2021-09-15T21:13:04.548Z] >>> [apiv2][query] GET https://firebase-public.firebaseio.com/cli.json [none]
[debug] [2021-09-15T21:13:04.569Z] > command requires scopes: ["email","openid","https://www.googleapis.com/auth/cloudplatformprojects.readonly","https://www.googleapis.com/auth/firebase","https://www.googleapis.com/auth/cloud-platform"]
[debug] [2021-09-15T21:13:04.569Z] > authorizing via signed-in user (blooptechteam@gmail.com)
[info] 
     ######## #### ########  ######## ########     ###     ######  ########
     ##        ##  ##     ## ##       ##     ##  ##   ##  ##       ##
     ######    ##  ########  ######   ########  #########  ######  ######
     ##        ##  ##    ##  ##       ##     ## ##     ##       ## ##
     ##       #### ##     ## ######## ########  ##     ##  ######  ########

You're about to initialize a Firebase project in this directory:

  C:\Users\quaby\Documents\GitHub\iot-admin-pwa

[debug] [2021-09-15T21:13:05.738Z] <<< [apiv2][status] GET https://firebase-public.firebaseio.com/cli.json 200
[debug] [2021-09-15T21:13:05.739Z] <<< [apiv2][body] GET https://firebase-public.firebaseio.com/cli.json {"cloudBuildErrorAfter":1594252800000,"cloudBuildWarnAfter":1590019200000,"defaultNode10After":1594252800000,"minVersion":"3.0.5","node8DeploysDisabledAfter":1613390400000,"node8RuntimeDisabledAfter":1615809600000,"node8WarnAfter":1600128000000}
[info] 
=== Project Setup
[info] 
[info] First, let's associate this project directory with a Firebase project.
[info] You can create multiple project aliases by running firebase use --add, 
[info] but for now we'll just set up a default project.
[info] 
[info] i  If you want to create a project in a Google Cloud organization or folder, please use "firebase projects:create" instead, and return to this command when you've created the project. 
[debug] [2021-09-15T21:14:10.326Z] > refreshing access token with scopes: ["email","https://www.googleapis.com/auth/cloud-platform","https://www.googleapis.com/auth/cloudplatformprojects.readonly","https://www.googleapis.com/auth/firebase","openid"]
[debug] [2021-09-15T21:14:10.326Z] >>> HTTP REQUEST POST https://www.googleapis.com/oauth2/v3/token  
 <request body omitted>
[debug] [2021-09-15T21:14:11.179Z] <<< HTTP RESPONSE 200 {"date":"Wed, 15 Sep 2021 21:14:10 GMT","cache-control":"no-cache, no-store, max-age=0, must-revalidate","expires":"Mon, 01 Jan 1990 00:00:00 GMT","pragma":"no-cache","content-type":"application/json; charset=utf-8","vary":"X-Origin, Referer, Origin,Accept-Encoding","server":"scaffolding on HTTPServer2","x-xss-protection":"0","x-frame-options":"SAMEORIGIN","x-content-type-options":"nosniff","alt-svc":"h3=\":443\"; ma=2592000,h3-29=\":443\"; ma=2592000,h3-T051=\":443\"; ma=2592000,h3-Q050=\":443\"; ma=2592000,h3-Q046=\":443\"; ma=2592000,h3-Q043=\":443\"; ma=2592000,quic=\":443\"; ma=2592000; v=\"46,43\"","accept-ranges":"none","transfer-encoding":"chunked"}
[debug] [2021-09-15T21:14:11.190Z] >>> HTTP REQUEST POST https://cloudresourcemanager.googleapis.com/v1/projects  
 {"projectId":"iot-admin-pwa","name":"iot-admin-pwa"}
[debug] [2021-09-15T21:14:12.573Z] <<< HTTP RESPONSE 200 {"content-type":"application/json; charset=UTF-8","vary":"X-Origin, Referer, Origin,Accept-Encoding","date":"Wed, 15 Sep 2021 21:14:12 GMT","server":"ESF","cache-control":"private","x-xss-protection":"0","x-frame-options":"SAMEORIGIN","x-content-type-options":"nosniff","server-timing":"gfet4t7; dur=808","alt-svc":"h3=\":443\"; ma=2592000,h3-29=\":443\"; ma=2592000,h3-T051=\":443\"; ma=2592000,h3-Q050=\":443\"; ma=2592000,h3-Q046=\":443\"; ma=2592000,h3-Q043=\":443\"; ma=2592000,quic=\":443\"; ma=2592000; v=\"46,43\"","accept-ranges":"none","transfer-encoding":"chunked"}
[debug] [2021-09-15T21:14:12.575Z] > refreshing access token with scopes: []
[debug] [2021-09-15T21:14:12.575Z] >>> HTTP REQUEST POST https://www.googleapis.com/oauth2/v3/token  
 <request body omitted>
[debug] [2021-09-15T21:14:13.076Z] <<< HTTP RESPONSE 200 {"date":"Wed, 15 Sep 2021 21:14:12 GMT","pragma":"no-cache","expires":"Mon, 01 Jan 1990 00:00:00 GMT","cache-control":"no-cache, no-store, max-age=0, must-revalidate","content-type":"application/json; charset=utf-8","vary":"X-Origin, Referer, Origin,Accept-Encoding","server":"scaffolding on HTTPServer2","x-xss-protection":"0","x-frame-options":"SAMEORIGIN","x-content-type-options":"nosniff","alt-svc":"h3=\":443\"; ma=2592000,h3-29=\":443\"; ma=2592000,h3-T051=\":443\"; ma=2592000,h3-Q050=\":443\"; ma=2592000,h3-Q046=\":443\"; ma=2592000,h3-Q043=\":443\"; ma=2592000,quic=\":443\"; ma=2592000; v=\"46,43\"","accept-ranges":"none","transfer-encoding":"chunked"}
[debug] [2021-09-15T21:14:13.085Z] >>> [apiv2][query] GET https://cloudresourcemanager.googleapis.com/v1/operations/cp.4997848735370739489 [none]
[debug] [2021-09-15T21:14:14.357Z] <<< [apiv2][status] GET https://cloudresourcemanager.googleapis.com/v1/operations/cp.4997848735370739489 200
[debug] [2021-09-15T21:14:14.357Z] <<< [apiv2][body] GET https://cloudresourcemanager.googleapis.com/v1/operations/cp.4997848735370739489 {"name":"operations/cp.4997848735370739489"}
[debug] [2021-09-15T21:14:14.867Z] [Project Creation Poller] Retrying task index 0
[debug] [2021-09-15T21:14:14.868Z] >>> [apiv2][query] GET https://cloudresourcemanager.googleapis.com/v1/operations/cp.4997848735370739489 [none]
[debug] [2021-09-15T21:14:16.186Z] <<< [apiv2][status] GET https://cloudresourcemanager.googleapis.com/v1/operations/cp.4997848735370739489 200
[debug] [2021-09-15T21:14:16.186Z] <<< [apiv2][body] GET https://cloudresourcemanager.googleapis.com/v1/operations/cp.4997848735370739489 {"name":"operations/cp.4997848735370739489","metadata":{"@type":"type.googleapis.com/google.cloudresourcemanager.v1.ProjectCreationStatus","gettable":true,"ready":true},"done":true,"response":{"@type":"type.googleapis.com/google.cloudresourcemanager.v1.Project","projectNumber":"645657470774","projectId":"iot-admin-pwa","lifecycleState":"ACTIVE","name":"iot-admin-pwa","createTime":"2021-09-15T21:14:11.937Z"}}
[debug] [2021-09-15T21:14:16.190Z] > refreshing access token with scopes: ["email","https://www.googleapis.com/auth/cloud-platform","https://www.googleapis.com/auth/cloudplatformprojects.readonly","https://www.googleapis.com/auth/firebase","openid"]
[debug] [2021-09-15T21:14:16.190Z] >>> HTTP REQUEST POST https://www.googleapis.com/oauth2/v3/token  
 <request body omitted>
[debug] [2021-09-15T21:14:16.739Z] <<< HTTP RESPONSE 200 {"pragma":"no-cache","expires":"Mon, 01 Jan 1990 00:00:00 GMT","date":"Wed, 15 Sep 2021 21:14:16 GMT","cache-control":"no-cache, no-store, max-age=0, must-revalidate","content-type":"application/json; charset=utf-8","vary":"X-Origin, Referer, Origin,Accept-Encoding","server":"scaffolding on HTTPServer2","x-xss-protection":"0","x-frame-options":"SAMEORIGIN","x-content-type-options":"nosniff","alt-svc":"h3=\":443\"; ma=2592000,h3-29=\":443\"; ma=2592000,h3-T051=\":443\"; ma=2592000,h3-Q050=\":443\"; ma=2592000,h3-Q046=\":443\"; ma=2592000,h3-Q043=\":443\"; ma=2592000,quic=\":443\"; ma=2592000; v=\"46,43\"","accept-ranges":"none","transfer-encoding":"chunked"}
[debug] [2021-09-15T21:14:16.757Z] >>> HTTP REQUEST POST https://firebase.googleapis.com/v1beta1/projects/iot-admin-pwa:addFirebase  
 
[debug] [2021-09-15T21:14:20.041Z] <<< HTTP RESPONSE 200 {"content-type":"application/json; charset=UTF-8","vary":"X-Origin, Referer, Origin,Accept-Encoding","date":"Wed, 15 Sep 2021 21:14:19 GMT","server":"ESF","cache-control":"private","x-xss-protection":"0","x-frame-options":"SAMEORIGIN","x-content-type-options":"nosniff","alt-svc":"h3=\":443\"; ma=2592000,h3-29=\":443\"; ma=2592000,h3-T051=\":443\"; ma=2592000,h3-Q050=\":443\"; ma=2592000,h3-Q046=\":443\"; ma=2592000,h3-Q043=\":443\"; ma=2592000,quic=\":443\"; ma=2592000; v=\"46,43\"","accept-ranges":"none","transfer-encoding":"chunked"}
[debug] [2021-09-15T21:14:20.042Z] > refreshing access token with scopes: []
[debug] [2021-09-15T21:14:20.042Z] >>> HTTP REQUEST POST https://www.googleapis.com/oauth2/v3/token  
 <request body omitted>
[debug] [2021-09-15T21:14:20.515Z] <<< HTTP RESPONSE 200 {"pragma":"no-cache","date":"Wed, 15 Sep 2021 21:14:20 GMT","cache-control":"no-cache, no-store, max-age=0, must-revalidate","expires":"Mon, 01 Jan 1990 00:00:00 GMT","content-type":"application/json; charset=utf-8","vary":"X-Origin, Referer, Origin,Accept-Encoding","server":"scaffolding on HTTPServer2","x-xss-protection":"0","x-frame-options":"SAMEORIGIN","x-content-type-options":"nosniff","alt-svc":"h3=\":443\"; ma=2592000,h3-29=\":443\"; ma=2592000,h3-T051=\":443\"; ma=2592000,h3-Q050=\":443\"; ma=2592000,h3-Q046=\":443\"; ma=2592000,h3-Q043=\":443\"; ma=2592000,quic=\":443\"; ma=2592000; v=\"46,43\"","accept-ranges":"none","transfer-encoding":"chunked"}
[debug] [2021-09-15T21:14:20.532Z] >>> [apiv2][query] GET https://firebase.googleapis.com/v1beta1/operations/workflows/NjUwZjZkOTgtMjhmNy00YTBjLWFmYTUtZDc4MTFjNTIyNWQ1 [none]
[debug] [2021-09-15T21:14:21.563Z] <<< [apiv2][status] GET https://firebase.googleapis.com/v1beta1/operations/workflows/NjUwZjZkOTgtMjhmNy00YTBjLWFmYTUtZDc4MTFjNTIyNWQ1 200
[debug] [2021-09-15T21:14:21.564Z] <<< [apiv2][body] GET https://firebase.googleapis.com/v1beta1/operations/workflows/NjUwZjZkOTgtMjhmNy00YTBjLWFmYTUtZDc4MTFjNTIyNWQ1 {"name":"operations/workflows/NjUwZjZkOTgtMjhmNy00YTBjLWFmYTUtZDc4MTFjNTIyNWQ1"}
[debug] [2021-09-15T21:14:22.067Z] [Add Firebase Poller] Retrying task index 0
[debug] [2021-09-15T21:14:22.069Z] >>> [apiv2][query] GET https://firebase.googleapis.com/v1beta1/operations/workflows/NjUwZjZkOTgtMjhmNy00YTBjLWFmYTUtZDc4MTFjNTIyNWQ1 [none]
[debug] [2021-09-15T21:14:23.211Z] <<< [apiv2][status] GET https://firebase.googleapis.com/v1beta1/operations/workflows/NjUwZjZkOTgtMjhmNy00YTBjLWFmYTUtZDc4MTFjNTIyNWQ1 200
[debug] [2021-09-15T21:14:23.211Z] <<< [apiv2][body] GET https://firebase.googleapis.com/v1beta1/operations/workflows/NjUwZjZkOTgtMjhmNy00YTBjLWFmYTUtZDc4MTFjNTIyNWQ1 {"name":"operations/workflows/NjUwZjZkOTgtMjhmNy00YTBjLWFmYTUtZDc4MTFjNTIyNWQ1"}
[debug] [2021-09-15T21:14:24.225Z] [Add Firebase Poller] Retrying task index 0
[debug] [2021-09-15T21:14:24.226Z] >>> [apiv2][query] GET https://firebase.googleapis.com/v1beta1/operations/workflows/NjUwZjZkOTgtMjhmNy00YTBjLWFmYTUtZDc4MTFjNTIyNWQ1 [none]
[debug] [2021-09-15T21:14:25.067Z] <<< [apiv2][status] GET https://firebase.googleapis.com/v1beta1/operations/workflows/NjUwZjZkOTgtMjhmNy00YTBjLWFmYTUtZDc4MTFjNTIyNWQ1 200
[debug] [2021-09-15T21:14:25.067Z] <<< [apiv2][body] GET https://firebase.googleapis.com/v1beta1/operations/workflows/NjUwZjZkOTgtMjhmNy00YTBjLWFmYTUtZDc4MTFjNTIyNWQ1 {"name":"operations/workflows/NjUwZjZkOTgtMjhmNy00YTBjLWFmYTUtZDc4MTFjNTIyNWQ1"}
[debug] [2021-09-15T21:14:27.078Z] [Add Firebase Poller] Retrying task index 0
[debug] [2021-09-15T21:14:27.079Z] >>> [apiv2][query] GET https://firebase.googleapis.com/v1beta1/operations/workflows/NjUwZjZkOTgtMjhmNy00YTBjLWFmYTUtZDc4MTFjNTIyNWQ1 [none]
[debug] [2021-09-15T21:14:27.952Z] <<< [apiv2][status] GET https://firebase.googleapis.com/v1beta1/operations/workflows/NjUwZjZkOTgtMjhmNy00YTBjLWFmYTUtZDc4MTFjNTIyNWQ1 200
[debug] [2021-09-15T21:14:27.952Z] <<< [apiv2][body] GET https://firebase.googleapis.com/v1beta1/operations/workflows/NjUwZjZkOTgtMjhmNy00YTBjLWFmYTUtZDc4MTFjNTIyNWQ1 {"name":"operations/workflows/NjUwZjZkOTgtMjhmNy00YTBjLWFmYTUtZDc4MTFjNTIyNWQ1"}
[debug] [2021-09-15T21:14:31.965Z] [Add Firebase Poller] Retrying task index 0
[debug] [2021-09-15T21:14:31.966Z] >>> [apiv2][query] GET https://firebase.googleapis.com/v1beta1/operations/workflows/NjUwZjZkOTgtMjhmNy00YTBjLWFmYTUtZDc4MTFjNTIyNWQ1 [none]
[debug] [2021-09-15T21:14:33.149Z] <<< [apiv2][status] GET https://firebase.googleapis.com/v1beta1/operations/workflows/NjUwZjZkOTgtMjhmNy00YTBjLWFmYTUtZDc4MTFjNTIyNWQ1 200
[debug] [2021-09-15T21:14:33.149Z] <<< [apiv2][body] GET https://firebase.googleapis.com/v1beta1/operations/workflows/NjUwZjZkOTgtMjhmNy00YTBjLWFmYTUtZDc4MTFjNTIyNWQ1 {"name":"operations/workflows/NjUwZjZkOTgtMjhmNy00YTBjLWFmYTUtZDc4MTFjNTIyNWQ1","done":true,"response":{"@type":"type.googleapis.com/google.firebase.service.v1beta1.FirebaseProject","projectId":"iot-admin-pwa","projectNumber":"645657470774","displayName":"iot-admin-pwa","name":"projects/iot-admin-pwa","resources":{"hostingSite":"iot-admin-pwa"}}}
[info] 
[info] === Your Firebase project is ready! ===
[info] 
[info] Project information:
[info]    - Project ID: iot-admin-pwa
[info]    - Project Name: iot-admin-pwa
[info] 
[info] Firebase console is available at
[info] https://console.firebase.google.com/project/iot-admin-pwa/overview
[info] i  Using project iot-admin-pwa (iot-admin-pwa) 
[info] 
=== Hosting Setup
[info] 
[info] Your public directory is the folder (relative to your project directory) that
[info] will contain Hosting assets to be uploaded with firebase deploy. If you
[info] have a build process for your assets, use your build's output directory.
[info] 
[debug] [2021-09-15T21:14:59.887Z] >>> [apiv2][query] GET https://www.gstatic.com/firebasejs/releases.json [none]
[debug] [2021-09-15T21:15:00.394Z] <<< [apiv2][status] GET https://www.gstatic.com/firebasejs/releases.json 200
[debug] [2021-09-15T21:15:00.395Z] <<< [apiv2][body] GET https://www.gstatic.com/firebasejs/releases.json {"current":{"version":"9.0.2","browserURL":"https://www.gstatic.com/firebasejs/9.0.2/firebase.js","packageURL":"https://www.gstatic.com/firebasejs/9.0.2/firebase.tgz"},"live":{"version":"9.0","browserURL":"https://www.gstatic.com/firebasejs/live/9.0/firebase.js","packageURL":"https://www.gstatic.com/firebasejs/live/9.0/firebase.tgz"},"components":{"analytics":"https://www.gstatic.com/firebasejs/9.0.2/firebase-analytics.js","app":"https://www.gstatic.com/firebasejs/9.0.2/firebase-app.js","app-check":"https://www.gstatic.com/firebasejs/9.0.2/firebase-app-check.js","auth":"https://www.gstatic.com/firebasejs/9.0.2/firebase-auth.js","auth/cordova":"https://www.gstatic.com/firebasejs/9.0.2/firebase-auth/cordova.js","auth/react-native":"https://www.gstatic.com/firebasejs/9.0.2/firebase-auth/react-native.js","functions":"https://www.gstatic.com/firebasejs/9.0.2/firebase-functions.js","firestore":"https://www.gstatic.com/firebasejs/9.0.2/firebase-firestore.js","firestore/lite":"https://www.gstatic.com/firebasejs/9.0.2/firebase-firestore/lite.js","storage":"https://www.gstatic.com/firebasejs/9.0.2/firebase-storage.js","performance":"https://www.gstatic.com/firebasejs/9.0.2/firebase-performance.js","remote-config":"https://www.gstatic.com/firebasejs/9.0.2/firebase-remote-config.js","messaging":"https://www.gstatic.com/firebasejs/9.0.2/firebase-messaging.js","messaging/sw":"https://www.gstatic.com/firebasejs/9.0.2/firebase-messaging/sw.js","database":"https://www.gstatic.com/firebasejs/9.0.2/firebase-database.js","firestore.memory":"https://www.gstatic.com/firebasejs/9.0.2/firebase-firestore.memory.js"}}
[info] +  Wrote dist/index.html 
[info] 
[info] i  Detected a .git folder at C:\Users\quaby\Documents\GitHub\iot-admin-pwa 
[info] i  Authorizing with GitHub to upload your service account to a GitHub repository's secrets store. 
[info] 
[info] Visit this URL on this device to log in:
[info] https://github.com/login/oauth/authorize?client_id=89cf50f02ac6aaed3484&state=757744762&redirect_uri=http%3A%2F%2Flocalhost%3A9005&scope=read%3Auser%20repo%20public_repo
[info] 
[info] Waiting for authentication...
[debug] [2021-09-15T21:15:01.717Z] >>> HTTP REQUEST POST https://github.com/login/oauth/access_token  
 {"client_id":"89cf50f02ac6aaed3484","client_secret":"3330d14abc895d9a74d5f17cd7a00711fa2c5bf0","code":"5e9e8c0ab0185beac04e","redirect_uri":"http://localhost:9005","state":"757744762"}
[debug] [2021-09-15T21:15:02.408Z] <<< HTTP RESPONSE 200 {"server":"GitHub.com","date":"Wed, 15 Sep 2021 21:15:01 GMT","content-type":"application/json; charset=utf-8","transfer-encoding":"chunked","vary":"X-PJAX, X-PJAX-Container, Accept-Encoding, Accept, X-Requested-With","permissions-policy":"interest-cohort=()","etag":"W/\"41bad4e3fa194a8b5e748e2d23499bb2\"","cache-control":"max-age=0, private, must-revalidate","strict-transport-security":"max-age=31536000; includeSubdomains; preload","x-frame-options":"deny","x-content-type-options":"nosniff","x-xss-protection":"0","referrer-policy":"origin-when-cross-origin, strict-origin-when-cross-origin","expect-ct":"max-age=2592000, report-uri=\"https://api.github.com/_private/browser/errors\"","content-security-policy":"default-src 'none'; base-uri 'self'; block-all-mixed-content; connect-src 'self' uploads.github.com www.githubstatus.com collector.githubapp.com api.github.com github-cloud.s3.amazonaws.com github-production-repository-file-5c1aeb.s3.amazonaws.com github-production-upload-manifest-file-7fdce7.s3.amazonaws.com github-production-user-asset-6210df.s3.amazonaws.com cdn.optimizely.com logx.optimizely.com/v1/events translator.github.com wss://alive.github.com; font-src github.githubassets.com; form-action 'self' github.com gist.github.com; frame-ancestors 'none'; frame-src render.githubusercontent.com viewscreen.githubusercontent.com; img-src 'self' data: github.githubassets.com identicons.github.com collector.githubapp.com github-cloud.s3.amazonaws.com secured-user-images.githubusercontent.com/ *.githubusercontent.com; manifest-src 'self'; media-src github.com user-images.githubusercontent.com/; script-src github.githubassets.com; style-src 'unsafe-inline' github.githubassets.com; worker-src github.com/socket-worker-0af8a29d.js gist.github.com/socket-worker-0af8a29d.js","x-github-request-id":"998A:DD66:3FD07:448D9:61426255"}
[debug] [2021-09-15T21:15:02.412Z] >>> [apiv2][query] GET https://api.github.com/user [none]
[debug] [2021-09-15T21:15:03.183Z] <<< [apiv2][status] GET https://api.github.com/user 200
[debug] [2021-09-15T21:15:03.183Z] <<< [apiv2][body] GET https://api.github.com/user {"login":"quabynah-bilson","id":84394923,"node_id":"MDQ6VXNlcjg0Mzk0OTIz","avatar_url":"https://avatars.githubusercontent.com/u/84394923?v=4","gravatar_id":"","url":"https://api.github.com/users/quabynah-bilson","html_url":"https://github.com/quabynah-bilson","followers_url":"https://api.github.com/users/quabynah-bilson/followers","following_url":"https://api.github.com/users/quabynah-bilson/following{/other_user}","gists_url":"https://api.github.com/users/quabynah-bilson/gists{/gist_id}","starred_url":"https://api.github.com/users/quabynah-bilson/starred{/owner}{/repo}","subscriptions_url":"https://api.github.com/users/quabynah-bilson/subscriptions","organizations_url":"https://api.github.com/users/quabynah-bilson/orgs","repos_url":"https://api.github.com/users/quabynah-bilson/repos","events_url":"https://api.github.com/users/quabynah-bilson/events{/privacy}","received_events_url":"https://api.github.com/users/quabynah-bilson/received_events","type":"User","site_admin":false,"name":null,"company":null,"blog":"","location":null,"email":null,"hireable":null,"bio":null,"twitter_username":null,"public_repos":24,"public_gists":6,"followers":3,"following":10,"created_at":"2021-05-18T14:05:42Z","updated_at":"2021-08-10T16:09:29Z","private_gists":3,"total_private_repos":23,"owned_private_repos":23,"disk_usage":1657930,"collaborators":10,"two_factor_authentication":false,"plan":{"name":"free","space":976562499,"collaborators":0,"private_repos":10000}}
[info] 
[info] +  Success! Logged into GitHub as quabynah-bilson 
[info] 
